[2023-05-27T15:27:41.796+0000] {taskinstance.py:1103} INFO - Dependencies all met for dep_context=non-requeueable deps ti=<TaskInstance: my_dag.Load manual__2023-05-27T15:25:18.133743+00:00 [queued]>
[2023-05-27T15:27:41.821+0000] {taskinstance.py:1103} INFO - Dependencies all met for dep_context=requeueable deps ti=<TaskInstance: my_dag.Load manual__2023-05-27T15:25:18.133743+00:00 [queued]>
[2023-05-27T15:27:41.822+0000] {taskinstance.py:1308} INFO - Starting attempt 1 of 1
[2023-05-27T15:27:41.860+0000] {taskinstance.py:1327} INFO - Executing <Task(BashOperator): Load> on 2023-05-27 15:25:18.133743+00:00
[2023-05-27T15:27:41.869+0000] {standard_task_runner.py:57} INFO - Started process 143 to run task
[2023-05-27T15:27:41.873+0000] {standard_task_runner.py:84} INFO - Running: ['***', 'tasks', 'run', 'my_dag', 'Load', 'manual__2023-05-27T15:25:18.133743+00:00', '--job-id', '232', '--raw', '--subdir', 'DAGS_FOLDER/my_dag.py', '--cfg-path', '/tmp/tmpo6xxuc4f']
[2023-05-27T15:27:41.877+0000] {standard_task_runner.py:85} INFO - Job 232: Subtask Load
[2023-05-27T15:27:41.985+0000] {task_command.py:410} INFO - Running <TaskInstance: my_dag.Load manual__2023-05-27T15:25:18.133743+00:00 [running]> on host 635d0ada7d46
[2023-05-27T15:27:42.228+0000] {taskinstance.py:1547} INFO - Exporting env vars: AIRFLOW_CTX_DAG_OWNER='***' AIRFLOW_CTX_DAG_ID='my_dag' AIRFLOW_CTX_TASK_ID='Load' AIRFLOW_CTX_EXECUTION_DATE='2023-05-27T15:25:18.133743+00:00' AIRFLOW_CTX_TRY_NUMBER='1' AIRFLOW_CTX_DAG_RUN_ID='manual__2023-05-27T15:25:18.133743+00:00'
[2023-05-27T15:27:42.232+0000] {subprocess.py:63} INFO - Tmp dir root location: 
 /tmp
[2023-05-27T15:27:42.234+0000] {subprocess.py:75} INFO - Running command: ['/bin/bash', '-c', 'python /opt/***/dags/load.py']
[2023-05-27T15:27:42.254+0000] {subprocess.py:86} INFO - Output:
[2023-05-27T15:27:46.176+0000] {subprocess.py:93} INFO - /home/***/.local/lib/python3.7/site-packages/pandas/core/generic.py:2882: UserWarning: The spaces in these column names will not be changed. In pandas versions < 0.14, spaces were converted to underscores.
[2023-05-27T15:27:46.180+0000] {subprocess.py:93} INFO -   method=method,
[2023-05-27T15:27:46.192+0000] {subprocess.py:93} INFO - Traceback (most recent call last):
[2023-05-27T15:27:46.198+0000] {subprocess.py:93} INFO -   File "/home/***/.local/lib/python3.7/site-packages/pandas/io/sql.py", line 2056, in execute
[2023-05-27T15:27:46.203+0000] {subprocess.py:93} INFO -     cur.execute(*args, **kwargs)
[2023-05-27T15:27:46.204+0000] {subprocess.py:93} INFO - psycopg2.errors.SyntaxError: syntax error at or near ";"
[2023-05-27T15:27:46.205+0000] {subprocess.py:93} INFO - LINE 1: ...ELECT name FROM sqlite_master WHERE type='table' AND name=?;
[2023-05-27T15:27:46.207+0000] {subprocess.py:93} INFO -                                                                       ^
[2023-05-27T15:27:46.209+0000] {subprocess.py:93} INFO - 
[2023-05-27T15:27:46.211+0000] {subprocess.py:93} INFO - 
[2023-05-27T15:27:46.213+0000] {subprocess.py:93} INFO - The above exception was the direct cause of the following exception:
[2023-05-27T15:27:46.218+0000] {subprocess.py:93} INFO - 
[2023-05-27T15:27:46.219+0000] {subprocess.py:93} INFO - Traceback (most recent call last):
[2023-05-27T15:27:46.220+0000] {subprocess.py:93} INFO -   File "/opt/***/dags/load.py", line 21, in <module>
[2023-05-27T15:27:46.222+0000] {subprocess.py:93} INFO -     df.to_sql('final_data2', con = connect, if_exists='replace',index_label='id')
[2023-05-27T15:27:46.224+0000] {subprocess.py:93} INFO -   File "/home/***/.local/lib/python3.7/site-packages/pandas/core/generic.py", line 2882, in to_sql
[2023-05-27T15:27:46.226+0000] {subprocess.py:93} INFO -     method=method,
[2023-05-27T15:27:46.227+0000] {subprocess.py:93} INFO -   File "/home/***/.local/lib/python3.7/site-packages/pandas/io/sql.py", line 728, in to_sql
[2023-05-27T15:27:46.229+0000] {subprocess.py:93} INFO -     **engine_kwargs,
[2023-05-27T15:27:46.235+0000] {subprocess.py:93} INFO -   File "/home/***/.local/lib/python3.7/site-packages/pandas/io/sql.py", line 2225, in to_sql
[2023-05-27T15:27:46.236+0000] {subprocess.py:93} INFO -     table.create()
[2023-05-27T15:27:46.237+0000] {subprocess.py:93} INFO -   File "/home/***/.local/lib/python3.7/site-packages/pandas/io/sql.py", line 856, in create
[2023-05-27T15:27:46.241+0000] {subprocess.py:93} INFO -     if self.exists():
[2023-05-27T15:27:46.253+0000] {subprocess.py:93} INFO -   File "/home/***/.local/lib/python3.7/site-packages/pandas/io/sql.py", line 840, in exists
[2023-05-27T15:27:46.262+0000] {subprocess.py:93} INFO -     return self.pd_sql.has_table(self.name, self.schema)
[2023-05-27T15:27:46.263+0000] {subprocess.py:93} INFO -   File "/home/***/.local/lib/python3.7/site-packages/pandas/io/sql.py", line 2236, in has_table
[2023-05-27T15:27:46.264+0000] {subprocess.py:93} INFO -     return len(self.execute(query, [name]).fetchall()) > 0
[2023-05-27T15:27:46.266+0000] {subprocess.py:93} INFO -   File "/home/***/.local/lib/python3.7/site-packages/pandas/io/sql.py", line 2068, in execute
[2023-05-27T15:27:46.267+0000] {subprocess.py:93} INFO -     raise ex from exc
[2023-05-27T15:27:46.268+0000] {subprocess.py:93} INFO - pandas.io.sql.DatabaseError: Execution failed on sql 'SELECT name FROM sqlite_master WHERE type='table' AND name=?;': syntax error at or near ";"
[2023-05-27T15:27:46.269+0000] {subprocess.py:93} INFO - LINE 1: ...ELECT name FROM sqlite_master WHERE type='table' AND name=?;
[2023-05-27T15:27:46.271+0000] {subprocess.py:93} INFO -                                                                       ^
[2023-05-27T15:27:46.272+0000] {subprocess.py:93} INFO - 
[2023-05-27T15:27:46.457+0000] {subprocess.py:97} INFO - Command exited with return code 1
[2023-05-27T15:27:46.485+0000] {taskinstance.py:1824} ERROR - Task failed with exception
Traceback (most recent call last):
  File "/home/airflow/.local/lib/python3.7/site-packages/airflow/operators/bash.py", line 211, in execute
    f"Bash command failed. The command returned a non-zero exit code {result.exit_code}."
airflow.exceptions.AirflowException: Bash command failed. The command returned a non-zero exit code 1.
[2023-05-27T15:27:46.495+0000] {taskinstance.py:1350} INFO - Marking task as FAILED. dag_id=my_dag, task_id=Load, execution_date=20230527T152518, start_date=20230527T152741, end_date=20230527T152746
[2023-05-27T15:27:46.532+0000] {standard_task_runner.py:109} ERROR - Failed to execute job 232 for task Load (Bash command failed. The command returned a non-zero exit code 1.; 143)
[2023-05-27T15:27:46.561+0000] {local_task_job_runner.py:225} INFO - Task exited with return code 1
[2023-05-27T15:27:46.599+0000] {taskinstance.py:2651} INFO - 0 downstream tasks scheduled from follow-on schedule check
