[2023-05-27T14:11:06.879+0000] {taskinstance.py:1103} INFO - Dependencies all met for dep_context=non-requeueable deps ti=<TaskInstance: my_dag.Load manual__2023-05-27T14:10:30.574536+00:00 [queued]>
[2023-05-27T14:11:06.900+0000] {taskinstance.py:1103} INFO - Dependencies all met for dep_context=requeueable deps ti=<TaskInstance: my_dag.Load manual__2023-05-27T14:10:30.574536+00:00 [queued]>
[2023-05-27T14:11:06.901+0000] {taskinstance.py:1308} INFO - Starting attempt 1 of 1
[2023-05-27T14:11:06.926+0000] {taskinstance.py:1327} INFO - Executing <Task(BashOperator): Load> on 2023-05-27 14:10:30.574536+00:00
[2023-05-27T14:11:06.933+0000] {standard_task_runner.py:57} INFO - Started process 405 to run task
[2023-05-27T14:11:06.937+0000] {standard_task_runner.py:84} INFO - Running: ['***', 'tasks', 'run', 'my_dag', 'Load', 'manual__2023-05-27T14:10:30.574536+00:00', '--job-id', '156', '--raw', '--subdir', 'DAGS_FOLDER/my_dag.py', '--cfg-path', '/tmp/tmpbb2i274x']
[2023-05-27T14:11:06.938+0000] {standard_task_runner.py:85} INFO - Job 156: Subtask Load
[2023-05-27T14:11:06.999+0000] {task_command.py:410} INFO - Running <TaskInstance: my_dag.Load manual__2023-05-27T14:10:30.574536+00:00 [running]> on host d1b315133606
[2023-05-27T14:11:07.122+0000] {taskinstance.py:1547} INFO - Exporting env vars: AIRFLOW_CTX_DAG_OWNER='***' AIRFLOW_CTX_DAG_ID='my_dag' AIRFLOW_CTX_TASK_ID='Load' AIRFLOW_CTX_EXECUTION_DATE='2023-05-27T14:10:30.574536+00:00' AIRFLOW_CTX_TRY_NUMBER='1' AIRFLOW_CTX_DAG_RUN_ID='manual__2023-05-27T14:10:30.574536+00:00'
[2023-05-27T14:11:07.125+0000] {subprocess.py:63} INFO - Tmp dir root location: 
 /tmp
[2023-05-27T14:11:07.126+0000] {subprocess.py:75} INFO - Running command: ['/bin/bash', '-c', 'python /opt/***/dags/load.py']
[2023-05-27T14:11:07.139+0000] {subprocess.py:86} INFO - Output:
[2023-05-27T14:11:09.569+0000] {subprocess.py:93} INFO - Traceback (most recent call last):
[2023-05-27T14:11:09.570+0000] {subprocess.py:93} INFO -   File "/home/***/.local/lib/python3.7/site-packages/sqlalchemy/engine/base.py", line 3366, in _wrap_pool_connect
[2023-05-27T14:11:09.571+0000] {subprocess.py:93} INFO -     return fn()
[2023-05-27T14:11:09.572+0000] {subprocess.py:93} INFO -   File "/home/***/.local/lib/python3.7/site-packages/sqlalchemy/pool/base.py", line 327, in connect
[2023-05-27T14:11:09.573+0000] {subprocess.py:93} INFO -     return _ConnectionFairy._checkout(self)
[2023-05-27T14:11:09.573+0000] {subprocess.py:93} INFO -   File "/home/***/.local/lib/python3.7/site-packages/sqlalchemy/pool/base.py", line 894, in _checkout
[2023-05-27T14:11:09.574+0000] {subprocess.py:93} INFO -     fairy = _ConnectionRecord.checkout(pool)
[2023-05-27T14:11:09.574+0000] {subprocess.py:93} INFO -   File "/home/***/.local/lib/python3.7/site-packages/sqlalchemy/pool/base.py", line 493, in checkout
[2023-05-27T14:11:09.575+0000] {subprocess.py:93} INFO -     rec = pool._do_get()
[2023-05-27T14:11:09.575+0000] {subprocess.py:93} INFO -   File "/home/***/.local/lib/python3.7/site-packages/sqlalchemy/pool/impl.py", line 146, in _do_get
[2023-05-27T14:11:09.576+0000] {subprocess.py:93} INFO -     self._dec_overflow()
[2023-05-27T14:11:09.576+0000] {subprocess.py:93} INFO -   File "/home/***/.local/lib/python3.7/site-packages/sqlalchemy/util/langhelpers.py", line 72, in __exit__
[2023-05-27T14:11:09.577+0000] {subprocess.py:93} INFO -     with_traceback=exc_tb,
[2023-05-27T14:11:09.578+0000] {subprocess.py:93} INFO -   File "/home/***/.local/lib/python3.7/site-packages/sqlalchemy/util/compat.py", line 211, in raise_
[2023-05-27T14:11:09.578+0000] {subprocess.py:93} INFO -     raise exception
[2023-05-27T14:11:09.579+0000] {subprocess.py:93} INFO -   File "/home/***/.local/lib/python3.7/site-packages/sqlalchemy/pool/impl.py", line 143, in _do_get
[2023-05-27T14:11:09.580+0000] {subprocess.py:93} INFO -     return self._create_connection()
[2023-05-27T14:11:09.581+0000] {subprocess.py:93} INFO -   File "/home/***/.local/lib/python3.7/site-packages/sqlalchemy/pool/base.py", line 273, in _create_connection
[2023-05-27T14:11:09.582+0000] {subprocess.py:93} INFO -     return _ConnectionRecord(self)
[2023-05-27T14:11:09.583+0000] {subprocess.py:93} INFO -   File "/home/***/.local/lib/python3.7/site-packages/sqlalchemy/pool/base.py", line 388, in __init__
[2023-05-27T14:11:09.583+0000] {subprocess.py:93} INFO -     self.__connect()
[2023-05-27T14:11:09.584+0000] {subprocess.py:93} INFO -   File "/home/***/.local/lib/python3.7/site-packages/sqlalchemy/pool/base.py", line 691, in __connect
[2023-05-27T14:11:09.585+0000] {subprocess.py:93} INFO -     pool.logger.debug("Error on connect(): %s", e)
[2023-05-27T14:11:09.585+0000] {subprocess.py:93} INFO -   File "/home/***/.local/lib/python3.7/site-packages/sqlalchemy/util/langhelpers.py", line 72, in __exit__
[2023-05-27T14:11:09.586+0000] {subprocess.py:93} INFO -     with_traceback=exc_tb,
[2023-05-27T14:11:09.587+0000] {subprocess.py:93} INFO -   File "/home/***/.local/lib/python3.7/site-packages/sqlalchemy/util/compat.py", line 211, in raise_
[2023-05-27T14:11:09.588+0000] {subprocess.py:93} INFO -     raise exception
[2023-05-27T14:11:09.589+0000] {subprocess.py:93} INFO -   File "/home/***/.local/lib/python3.7/site-packages/sqlalchemy/pool/base.py", line 686, in __connect
[2023-05-27T14:11:09.589+0000] {subprocess.py:93} INFO -     self.dbapi_connection = connection = pool._invoke_creator(self)
[2023-05-27T14:11:09.590+0000] {subprocess.py:93} INFO -   File "/home/***/.local/lib/python3.7/site-packages/sqlalchemy/engine/create.py", line 574, in connect
[2023-05-27T14:11:09.591+0000] {subprocess.py:93} INFO -     return dialect.connect(*cargs, **cparams)
[2023-05-27T14:11:09.591+0000] {subprocess.py:93} INFO -   File "/home/***/.local/lib/python3.7/site-packages/sqlalchemy/engine/default.py", line 598, in connect
[2023-05-27T14:11:09.592+0000] {subprocess.py:93} INFO -     return self.dbapi.connect(*cargs, **cparams)
[2023-05-27T14:11:09.593+0000] {subprocess.py:93} INFO -   File "/home/***/.local/lib/python3.7/site-packages/psycopg2/__init__.py", line 122, in connect
[2023-05-27T14:11:09.594+0000] {subprocess.py:93} INFO -     conn = _connect(dsn, connection_factory=connection_factory, **kwasync)
[2023-05-27T14:11:09.594+0000] {subprocess.py:93} INFO - psycopg2.OperationalError: could not translate host name "('postgresLocal'" to address: Name or service not known
[2023-05-27T14:11:09.595+0000] {subprocess.py:93} INFO - could not translate host name ")" to address: Name or service not known
[2023-05-27T14:11:09.595+0000] {subprocess.py:93} INFO - 
[2023-05-27T14:11:09.596+0000] {subprocess.py:93} INFO - 
[2023-05-27T14:11:09.597+0000] {subprocess.py:93} INFO - The above exception was the direct cause of the following exception:
[2023-05-27T14:11:09.598+0000] {subprocess.py:93} INFO - 
[2023-05-27T14:11:09.599+0000] {subprocess.py:93} INFO - Traceback (most recent call last):
[2023-05-27T14:11:09.602+0000] {subprocess.py:93} INFO -   File "/opt/***/dags/load.py", line 16, in <module>
[2023-05-27T14:11:09.603+0000] {subprocess.py:93} INFO -     df.to_sql('final_data', con = engine, if_exists='replace',index_label='id')
[2023-05-27T14:11:09.605+0000] {subprocess.py:93} INFO -   File "/home/***/.local/lib/python3.7/site-packages/pandas/core/generic.py", line 2882, in to_sql
[2023-05-27T14:11:09.606+0000] {subprocess.py:93} INFO -     method=method,
[2023-05-27T14:11:09.607+0000] {subprocess.py:93} INFO -   File "/home/***/.local/lib/python3.7/site-packages/pandas/io/sql.py", line 728, in to_sql
[2023-05-27T14:11:09.607+0000] {subprocess.py:93} INFO -     **engine_kwargs,
[2023-05-27T14:11:09.608+0000] {subprocess.py:93} INFO -   File "/home/***/.local/lib/python3.7/site-packages/pandas/io/sql.py", line 1758, in to_sql
[2023-05-27T14:11:09.609+0000] {subprocess.py:93} INFO -     dtype=dtype,
[2023-05-27T14:11:09.609+0000] {subprocess.py:93} INFO -   File "/home/***/.local/lib/python3.7/site-packages/pandas/io/sql.py", line 1650, in prep_table
[2023-05-27T14:11:09.610+0000] {subprocess.py:93} INFO -     table.create()
[2023-05-27T14:11:09.611+0000] {subprocess.py:93} INFO -   File "/home/***/.local/lib/python3.7/site-packages/pandas/io/sql.py", line 856, in create
[2023-05-27T14:11:09.612+0000] {subprocess.py:93} INFO -     if self.exists():
[2023-05-27T14:11:09.613+0000] {subprocess.py:93} INFO -   File "/home/***/.local/lib/python3.7/site-packages/pandas/io/sql.py", line 840, in exists
[2023-05-27T14:11:09.614+0000] {subprocess.py:93} INFO -     return self.pd_sql.has_table(self.name, self.schema)
[2023-05-27T14:11:09.615+0000] {subprocess.py:93} INFO -   File "/home/***/.local/lib/python3.7/site-packages/pandas/io/sql.py", line 1783, in has_table
[2023-05-27T14:11:09.616+0000] {subprocess.py:93} INFO -     insp = sa.inspect(self.connectable)
[2023-05-27T14:11:09.617+0000] {subprocess.py:93} INFO -   File "/home/***/.local/lib/python3.7/site-packages/sqlalchemy/inspection.py", line 64, in inspect
[2023-05-27T14:11:09.618+0000] {subprocess.py:93} INFO -     ret = reg(subject)
[2023-05-27T14:11:09.618+0000] {subprocess.py:93} INFO -   File "/home/***/.local/lib/python3.7/site-packages/sqlalchemy/engine/reflection.py", line 182, in _engine_insp
[2023-05-27T14:11:09.619+0000] {subprocess.py:93} INFO -     return Inspector._construct(Inspector._init_engine, bind)
[2023-05-27T14:11:09.620+0000] {subprocess.py:93} INFO -   File "/home/***/.local/lib/python3.7/site-packages/sqlalchemy/engine/reflection.py", line 117, in _construct
[2023-05-27T14:11:09.621+0000] {subprocess.py:93} INFO -     init(self, bind)
[2023-05-27T14:11:09.622+0000] {subprocess.py:93} INFO -   File "/home/***/.local/lib/python3.7/site-packages/sqlalchemy/engine/reflection.py", line 128, in _init_engine
[2023-05-27T14:11:09.623+0000] {subprocess.py:93} INFO -     engine.connect().close()
[2023-05-27T14:11:09.624+0000] {subprocess.py:93} INFO -   File "/home/***/.local/lib/python3.7/site-packages/sqlalchemy/engine/base.py", line 3320, in connect
[2023-05-27T14:11:09.625+0000] {subprocess.py:93} INFO -     return self._connection_cls(self, close_with_result=close_with_result)
[2023-05-27T14:11:09.625+0000] {subprocess.py:93} INFO -   File "/home/***/.local/lib/python3.7/site-packages/sqlalchemy/engine/base.py", line 96, in __init__
[2023-05-27T14:11:09.626+0000] {subprocess.py:93} INFO -     else engine.raw_connection()
[2023-05-27T14:11:09.626+0000] {subprocess.py:93} INFO -   File "/home/***/.local/lib/python3.7/site-packages/sqlalchemy/engine/base.py", line 3399, in raw_connection
[2023-05-27T14:11:09.627+0000] {subprocess.py:93} INFO -     return self._wrap_pool_connect(self.pool.connect, _connection)
[2023-05-27T14:11:09.628+0000] {subprocess.py:93} INFO -   File "/home/***/.local/lib/python3.7/site-packages/sqlalchemy/engine/base.py", line 3370, in _wrap_pool_connect
[2023-05-27T14:11:09.629+0000] {subprocess.py:93} INFO -     e, dialect, self
[2023-05-27T14:11:09.631+0000] {subprocess.py:93} INFO -   File "/home/***/.local/lib/python3.7/site-packages/sqlalchemy/engine/base.py", line 2204, in _handle_dbapi_exception_noconnection
[2023-05-27T14:11:09.632+0000] {subprocess.py:93} INFO -     sqlalchemy_exception, with_traceback=exc_info[2], from_=e
[2023-05-27T14:11:09.633+0000] {subprocess.py:93} INFO -   File "/home/***/.local/lib/python3.7/site-packages/sqlalchemy/util/compat.py", line 211, in raise_
[2023-05-27T14:11:09.634+0000] {subprocess.py:93} INFO -     raise exception
[2023-05-27T14:11:09.634+0000] {subprocess.py:93} INFO -   File "/home/***/.local/lib/python3.7/site-packages/sqlalchemy/engine/base.py", line 3366, in _wrap_pool_connect
[2023-05-27T14:11:09.635+0000] {subprocess.py:93} INFO -     return fn()
[2023-05-27T14:11:09.636+0000] {subprocess.py:93} INFO -   File "/home/***/.local/lib/python3.7/site-packages/sqlalchemy/pool/base.py", line 327, in connect
[2023-05-27T14:11:09.636+0000] {subprocess.py:93} INFO -     return _ConnectionFairy._checkout(self)
[2023-05-27T14:11:09.637+0000] {subprocess.py:93} INFO -   File "/home/***/.local/lib/python3.7/site-packages/sqlalchemy/pool/base.py", line 894, in _checkout
[2023-05-27T14:11:09.637+0000] {subprocess.py:93} INFO -     fairy = _ConnectionRecord.checkout(pool)
[2023-05-27T14:11:09.642+0000] {subprocess.py:93} INFO -   File "/home/***/.local/lib/python3.7/site-packages/sqlalchemy/pool/base.py", line 493, in checkout
[2023-05-27T14:11:09.643+0000] {subprocess.py:93} INFO -     rec = pool._do_get()
[2023-05-27T14:11:09.645+0000] {subprocess.py:93} INFO -   File "/home/***/.local/lib/python3.7/site-packages/sqlalchemy/pool/impl.py", line 146, in _do_get
[2023-05-27T14:11:09.646+0000] {subprocess.py:93} INFO -     self._dec_overflow()
[2023-05-27T14:11:09.647+0000] {subprocess.py:93} INFO -   File "/home/***/.local/lib/python3.7/site-packages/sqlalchemy/util/langhelpers.py", line 72, in __exit__
[2023-05-27T14:11:09.649+0000] {subprocess.py:93} INFO -     with_traceback=exc_tb,
[2023-05-27T14:11:09.650+0000] {subprocess.py:93} INFO -   File "/home/***/.local/lib/python3.7/site-packages/sqlalchemy/util/compat.py", line 211, in raise_
[2023-05-27T14:11:09.651+0000] {subprocess.py:93} INFO -     raise exception
[2023-05-27T14:11:09.652+0000] {subprocess.py:93} INFO -   File "/home/***/.local/lib/python3.7/site-packages/sqlalchemy/pool/impl.py", line 143, in _do_get
[2023-05-27T14:11:09.653+0000] {subprocess.py:93} INFO -     return self._create_connection()
[2023-05-27T14:11:09.657+0000] {subprocess.py:93} INFO -   File "/home/***/.local/lib/python3.7/site-packages/sqlalchemy/pool/base.py", line 273, in _create_connection
[2023-05-27T14:11:09.658+0000] {subprocess.py:93} INFO -     return _ConnectionRecord(self)
[2023-05-27T14:11:09.659+0000] {subprocess.py:93} INFO -   File "/home/***/.local/lib/python3.7/site-packages/sqlalchemy/pool/base.py", line 388, in __init__
[2023-05-27T14:11:09.660+0000] {subprocess.py:93} INFO -     self.__connect()
[2023-05-27T14:11:09.661+0000] {subprocess.py:93} INFO -   File "/home/***/.local/lib/python3.7/site-packages/sqlalchemy/pool/base.py", line 691, in __connect
[2023-05-27T14:11:09.662+0000] {subprocess.py:93} INFO -     pool.logger.debug("Error on connect(): %s", e)
[2023-05-27T14:11:09.663+0000] {subprocess.py:93} INFO -   File "/home/***/.local/lib/python3.7/site-packages/sqlalchemy/util/langhelpers.py", line 72, in __exit__
[2023-05-27T14:11:09.665+0000] {subprocess.py:93} INFO -     with_traceback=exc_tb,
[2023-05-27T14:11:09.666+0000] {subprocess.py:93} INFO -   File "/home/***/.local/lib/python3.7/site-packages/sqlalchemy/util/compat.py", line 211, in raise_
[2023-05-27T14:11:09.667+0000] {subprocess.py:93} INFO -     raise exception
[2023-05-27T14:11:09.668+0000] {subprocess.py:93} INFO -   File "/home/***/.local/lib/python3.7/site-packages/sqlalchemy/pool/base.py", line 686, in __connect
[2023-05-27T14:11:09.669+0000] {subprocess.py:93} INFO -     self.dbapi_connection = connection = pool._invoke_creator(self)
[2023-05-27T14:11:09.669+0000] {subprocess.py:93} INFO -   File "/home/***/.local/lib/python3.7/site-packages/sqlalchemy/engine/create.py", line 574, in connect
[2023-05-27T14:11:09.670+0000] {subprocess.py:93} INFO -     return dialect.connect(*cargs, **cparams)
[2023-05-27T14:11:09.671+0000] {subprocess.py:93} INFO -   File "/home/***/.local/lib/python3.7/site-packages/sqlalchemy/engine/default.py", line 598, in connect
[2023-05-27T14:11:09.672+0000] {subprocess.py:93} INFO -     return self.dbapi.connect(*cargs, **cparams)
[2023-05-27T14:11:09.674+0000] {subprocess.py:93} INFO -   File "/home/***/.local/lib/python3.7/site-packages/psycopg2/__init__.py", line 122, in connect
[2023-05-27T14:11:09.675+0000] {subprocess.py:93} INFO -     conn = _connect(dsn, connection_factory=connection_factory, **kwasync)
[2023-05-27T14:11:09.676+0000] {subprocess.py:93} INFO - sqlalchemy.exc.OperationalError: (psycopg2.OperationalError) could not translate host name "('postgresLocal'" to address: Name or service not known
[2023-05-27T14:11:09.676+0000] {subprocess.py:93} INFO - could not translate host name ")" to address: Name or service not known
[2023-05-27T14:11:09.677+0000] {subprocess.py:93} INFO - 
[2023-05-27T14:11:09.678+0000] {subprocess.py:93} INFO - (Background on this error at: https://sqlalche.me/e/14/e3q8)
[2023-05-27T14:11:09.777+0000] {subprocess.py:97} INFO - Command exited with return code 1
[2023-05-27T14:11:09.795+0000] {taskinstance.py:1824} ERROR - Task failed with exception
Traceback (most recent call last):
  File "/home/airflow/.local/lib/python3.7/site-packages/airflow/operators/bash.py", line 211, in execute
    f"Bash command failed. The command returned a non-zero exit code {result.exit_code}."
airflow.exceptions.AirflowException: Bash command failed. The command returned a non-zero exit code 1.
[2023-05-27T14:11:09.802+0000] {taskinstance.py:1350} INFO - Marking task as FAILED. dag_id=my_dag, task_id=Load, execution_date=20230527T141030, start_date=20230527T141106, end_date=20230527T141109
[2023-05-27T14:11:09.827+0000] {standard_task_runner.py:109} ERROR - Failed to execute job 156 for task Load (Bash command failed. The command returned a non-zero exit code 1.; 405)
[2023-05-27T14:11:09.842+0000] {local_task_job_runner.py:225} INFO - Task exited with return code 1
[2023-05-27T14:11:09.869+0000] {taskinstance.py:2651} INFO - 0 downstream tasks scheduled from follow-on schedule check
